#
# There is insufficient memory for the Java Runtime Environment to continue.
# Native memory allocation (mmap) failed to map 264241152 bytes for G1 virtual space
# Possible reasons:
#   The system is out of physical RAM or swap space
#   The process is running with CompressedOops enabled, and the Java Heap may be blocking the growth of the native heap
# Possible solutions:
#   Reduce memory load on the system
#   Increase physical memory or swap space
#   Check if swap backing store is full
#   Decrease Java heap size (-Xmx/-Xms)
#   Decrease number of Java threads
#   Decrease Java thread stack sizes (-Xss)
#   Set larger code cache with -XX:ReservedCodeCacheSize=
#   JVM is running with Zero Based Compressed Oops mode in which the Java heap is
#     placed in the first 32GB address space. The Java Heap base address is the
#     maximum limit for the native heap growth. Please use -XX:HeapBaseMinAddress
#     to set the Java Heap base and to place the Java Heap above 32GB virtual address.
# This output file may be truncated or incomplete.
#
#  Out of Memory Error (os_windows.cpp:3548), pid=26964, tid=27284
#
# JRE version:  (17.0.12+8) (build )
# Java VM: Java HotSpot(TM) 64-Bit Server VM (17.0.12+8-LTS-286, mixed mode, emulated-client, sharing, tiered, compressed oops, compressed class ptrs, g1 gc, windows-amd64)
# No core dump will be written. Minidumps are not enabled by default on client versions of Windows
#

---------------  S U M M A R Y ------------

Command Line: -XX:TieredStopAtLevel=1 -Dspring.output.ansi.enabled=always -Dcom.sun.management.jmxremote -Dspring.jmx.enabled=true -Dspring.liveBeansView.mbeanDomain -Dspring.application.admin.enabled=true -Dmanagement.endpoints.jmx.exposure.include=* -javaagent:D:\Idea\IntelliJ IDEA 2024.1.2\lib\idea_rt.jar=54013:D:\Idea\IntelliJ IDEA 2024.1.2\bin -Dfile.encoding=UTF-8 com.example.ordercommit.OrderCommitApplication

Host: 12th Gen Intel(R) Core(TM) i5-12500H, 16 cores, 15G,  Windows 11 , 64 bit Build 22621 (10.0.22621.4391)
Time: Tue Dec 17 23:16:34 2024  Windows 11 , 64 bit Build 22621 (10.0.22621.4391) elapsed time: 0.020787 seconds (0d 0h 0m 0s)

---------------  T H R E A D  ---------------

Current thread (0x000001f9c3bc5c50):  JavaThread "Unknown thread" [_thread_in_vm, id=27284, stack(0x000000574df00000,0x000000574e000000)]

Stack: [0x000000574df00000,0x000000574e000000]
Native frames: (J=compiled Java code, j=interpreted, Vv=VM code, C=native code)
V  [jvm.dll+0x67a04a]
V  [jvm.dll+0x7da4ed]
V  [jvm.dll+0x7dbe33]
V  [jvm.dll+0x7dc4a3]
V  [jvm.dll+0x24508f]
V  [jvm.dll+0x677089]
V  [jvm.dll+0x66bd32]
V  [jvm.dll+0x301fa6]
V  [jvm.dll+0x309546]
V  [jvm.dll+0x359d2e]
V  [jvm.dll+0x359f5f]
V  [jvm.dll+0x2d9078]
V  [jvm.dll+0x2d9fe4]
V  [jvm.dll+0x7aca21]
V  [jvm.dll+0x367591]
V  [jvm.dll+0x78b999]
V  [jvm.dll+0x3ec83f]
V  [jvm.dll+0x3ee471]
C  [jli.dll+0x5297]
C  [ucrtbase.dll+0x29333]
C  [KERNEL32.DLL+0x1259d]
C  [ntdll.dll+0x5af38]


---------------  P R O C E S S  ---------------

Threads class SMR info:
_java_thread_list=0x00007ffca5937a18, length=0, elements={
}

Java Threads: ( => current thread )

Other Threads:
  0x000001f9c3c30180 GCTaskThread "GC Thread#0" [stack: 0x000000574e000000,0x000000574e100000] [id=20116]
  0x000001f9c3c41c60 ConcurrentGCThread "G1 Main Marker" [stack: 0x000000574e100000,0x000000574e200000] [id=25476]
  0x000001f9c3c42670 ConcurrentGCThread "G1 Conc#0" [stack: 0x000000574e200000,0x000000574e300000] [id=7364]

[error occurred during error reporting (printing all threads), id 0xc0000005, EXCEPTION_ACCESS_VIOLATION (0xc0000005) at pc=0x00007ffca5169b67]

VM state: not at safepoint (not fully initialized)

VM Mutex/Monitor currently owned by a thread:  ([mutex/lock_event])
[0x000001f9c3bc1f60] Heap_lock - owner thread: 0x000001f9c3bc5c50

Heap address: 0x0000000704800000, size: 4024 MB, Compressed Oops mode: Zero based, Oop shift amount: 3

CDS archive(s) mapped at: [0x0000000000000000-0x0000000000000000-0x0000000000000000), size 0, SharedBaseAddress: 0x0000000800000000, ArchiveRelocationMode: 1.
Narrow klass base: 0x0000000000000000, Narrow klass shift: 0, Narrow klass range: 0x0

GC Precious Log:
<Empty>

Heap:
 garbage-first heap   total 0K, used 0K [0x0000000704800000, 0x0000000800000000)
  region size 2048K, 0 young (0K), 0 survivors (0K)

[error occurred during error reporting (printing heap information), id 0xc0000005, EXCEPTION_ACCESS_VIOLATION (0xc0000005) at pc=0x00007ffca5553859]

GC Heap History (0 events):
No events

Deoptimization events (0 events):
No events

Classes unloaded (0 events):
No events

Classes redefined (0 events):
No events

Internal exceptions (0 events):
No events

VM Operations (0 events):
No events

Events (1 events):
Event: 0.014 Loaded shared library C:\Program Files\Java\jdk-17\bin\java.dll


Dynamic libraries:
0x00007ff6db1a0000 - 0x00007ff6db1b0000 	C:\Program Files\Java\jdk-17\bin\java.exe
0x00007ffd7f390000 - 0x00007ffd7f5a7000 	C:\WINDOWS\SYSTEM32\ntdll.dll
0x00007ffd7eea0000 - 0x00007ffd7ef64000 	C:\WINDOWS\System32\KERNEL32.DLL
0x00007ffd7cb60000 - 0x00007ffd7cf1a000 	C:\WINDOWS\System32\KERNELBASE.dll
0x00007ffd7c920000 - 0x00007ffd7ca31000 	C:\WINDOWS\System32\ucrtbase.dll
0x00007ffd45200000 - 0x00007ffd45219000 	C:\Program Files\Java\jdk-17\bin\jli.dll
0x00007ffd4c840000 - 0x00007ffd4c85b000 	C:\Program Files\Java\jdk-17\bin\VCRUNTIME140.dll
0x00007ffd7eac0000 - 0x00007ffd7eb72000 	C:\WINDOWS\System32\ADVAPI32.dll
0x00007ffd7e550000 - 0x00007ffd7e5f7000 	C:\WINDOWS\System32\msvcrt.dll
0x00007ffd7e780000 - 0x00007ffd7e827000 	C:\WINDOWS\System32\sechost.dll
0x00007ffd7c830000 - 0x00007ffd7c858000 	C:\WINDOWS\System32\bcrypt.dll
0x00007ffd7d2b0000 - 0x00007ffd7d3c4000 	C:\WINDOWS\System32\RPCRT4.dll
0x00007ffd7d100000 - 0x00007ffd7d2ae000 	C:\WINDOWS\System32\USER32.dll
0x00007ffd7cf20000 - 0x00007ffd7cf46000 	C:\WINDOWS\System32\win32u.dll
0x00007ffd7f210000 - 0x00007ffd7f239000 	C:\WINDOWS\System32\GDI32.dll
0x00007ffd7ca40000 - 0x00007ffd7cb5b000 	C:\WINDOWS\System32\gdi32full.dll
0x00007ffd7cf50000 - 0x00007ffd7cfea000 	C:\WINDOWS\System32\msvcp_win.dll
0x00007ffd62240000 - 0x00007ffd624d2000 	C:\WINDOWS\WinSxS\amd64_microsoft.windows.common-controls_6595b64144ccf1df_6.0.22621.4541_none_2710d1c57384c085\COMCTL32.dll
0x00007ffd7c280000 - 0x00007ffd7c28a000 	C:\WINDOWS\SYSTEM32\VERSION.dll
0x00007ffd7f070000 - 0x00007ffd7f0a1000 	C:\WINDOWS\System32\IMM32.DLL
0x0000000070f60000 - 0x0000000070f6d000 	F:\360\360Safe\safemon\SafeWrapper.dll
0x00007ffd66d40000 - 0x00007ffd66e43000 	F:\360\360Safe\safemon\libzdtp64.dll
0x00007ffd7d940000 - 0x00007ffd7e1b8000 	C:\WINDOWS\System32\SHELL32.dll
0x00007ffd7f0c0000 - 0x00007ffd7f11e000 	C:\WINDOWS\System32\SHLWAPI.dll
0x00007ffd52c70000 - 0x00007ffd52c7c000 	C:\Program Files\Java\jdk-17\bin\vcruntime140_1.dll
0x00007ffd2fd30000 - 0x00007ffd2fdbe000 	C:\Program Files\Java\jdk-17\bin\msvcp140.dll
0x00007ffca4e80000 - 0x00007ffca5a60000 	C:\Program Files\Java\jdk-17\bin\server\jvm.dll
0x00007ffd7f0b0000 - 0x00007ffd7f0b8000 	C:\WINDOWS\System32\PSAPI.DLL
0x00007ffd75a80000 - 0x00007ffd75ab4000 	C:\WINDOWS\SYSTEM32\WINMM.dll
0x00007ffd76760000 - 0x00007ffd76769000 	C:\WINDOWS\SYSTEM32\WSOCK32.dll
0x00007ffd7f2b0000 - 0x00007ffd7f321000 	C:\WINDOWS\System32\WS2_32.dll
0x00007ffd7b6c0000 - 0x00007ffd7b6d8000 	C:\WINDOWS\SYSTEM32\kernel.appcore.dll
0x00007ffd52180000 - 0x00007ffd5218a000 	C:\Program Files\Java\jdk-17\bin\jimage.dll
0x00007ffd79dd0000 - 0x00007ffd7a002000 	C:\WINDOWS\SYSTEM32\DBGHELP.DLL
0x00007ffd7e1c0000 - 0x00007ffd7e54f000 	C:\WINDOWS\System32\combase.dll
0x00007ffd7e9e0000 - 0x00007ffd7eab7000 	C:\WINDOWS\System32\OLEAUT32.dll
0x00007ffd63590000 - 0x00007ffd635c2000 	C:\WINDOWS\SYSTEM32\dbgcore.DLL
0x00007ffd7cff0000 - 0x00007ffd7d06b000 	C:\WINDOWS\System32\bcryptPrimitives.dll
0x00007ffd4f080000 - 0x00007ffd4f08e000 	C:\Program Files\Java\jdk-17\bin\instrument.dll
0x00007ffd3c800000 - 0x00007ffd3c825000 	C:\Program Files\Java\jdk-17\bin\java.dll

dbghelp: loaded successfully - version: 4.0.5 - missing functions: none
symbol engine: initialized successfully - sym options: 0x614 - pdb path: .;C:\Program Files\Java\jdk-17\bin;C:\WINDOWS\SYSTEM32;C:\WINDOWS\WinSxS\amd64_microsoft.windows.common-controls_6595b64144ccf1df_6.0.22621.4541_none_2710d1c57384c085;F:\360\360Safe\safemon;C:\Program Files\Java\jdk-17\bin\server

VM Arguments:
jvm_args: -XX:TieredStopAtLevel=1 -Dspring.output.ansi.enabled=always -Dcom.sun.management.jmxremote -Dspring.jmx.enabled=true -Dspring.liveBeansView.mbeanDomain -Dspring.application.admin.enabled=true -Dmanagement.endpoints.jmx.exposure.include=* -javaagent:D:\Idea\IntelliJ IDEA 2024.1.2\lib\idea_rt.jar=54013:D:\Idea\IntelliJ IDEA 2024.1.2\bin -Dfile.encoding=UTF-8 
java_command: com.example.ordercommit.OrderCommitApplication
java_class_path (initial): D:\java_workplace\OrderCommit\target\classes;C:\Users\86180\.m2\repository\org\springframework\boot\spring-boot-starter-jdbc\3.4.0\spring-boot-starter-jdbc-3.4.0.jar;C:\Users\86180\.m2\repository\org\springframework\boot\spring-boot-starter\3.4.0\spring-boot-starter-3.4.0.jar;C:\Users\86180\.m2\repository\org\springframework\boot\spring-boot\3.4.0\spring-boot-3.4.0.jar;C:\Users\86180\.m2\repository\org\springframework\boot\spring-boot-autoconfigure\3.4.0\spring-boot-autoconfigure-3.4.0.jar;C:\Users\86180\.m2\repository\org\springframework\boot\spring-boot-starter-logging\3.4.0\spring-boot-starter-logging-3.4.0.jar;C:\Users\86180\.m2\repository\ch\qos\logback\logback-classic\1.5.12\logback-classic-1.5.12.jar;C:\Users\86180\.m2\repository\ch\qos\logback\logback-core\1.5.12\logback-core-1.5.12.jar;C:\Users\86180\.m2\repository\org\apache\logging\log4j\log4j-to-slf4j\2.24.1\log4j-to-slf4j-2.24.1.jar;C:\Users\86180\.m2\repository\org\apache\logging\log4j\log4j-api\2.24.1\log4j-api-2.24.1.jar;C:\Users\86180\.m2\repository\org\slf4j\jul-to-slf4j\2.0.16\jul-to-slf4j-2.0.16.jar;C:\Users\86180\.m2\repository\jakarta\annotation\jakarta.annotation-api\2.1.1\jakarta.annotation-api-2.1.1.jar;C:\Users\86180\.m2\repository\org\yaml\snakeyaml\2.3\snakeyaml-2.3.jar;C:\Users\86180\.m2\repository\com\zaxxer\HikariCP\5.1.0\HikariCP-5.1.0.jar;C:\Users\86180\.m2\repository\org\springframework\spring-jdbc\6.2.0\spring-jdbc-6.2.0.jar;C:\Users\86180\.m2\repository\org\springframework\spring-tx\6.2.0\spring-tx-6.2.0.jar;C:\Users\86180\.m2\repository\org\springframework\boot\spring-boot-starter-web\3.4.0\spring-boot-starter-web-3.4.0.jar;C:\Users\86180\.m2\repository\org\springframework\boot\spring-boot-starter-json\3.4.0\spring-boot-starter-json-3.4.0.jar;C:\Users\86180\.m2\repository\com\fasterxml\jackson\core\jackson-databind\2.18.1\jackson-databind-2.18.1.jar;C:\Users\86180\.m2\repository\com\fasterxml\jackson\core\jackson-annotations\2.18.1\jackson-annotations
Launcher Type: SUN_STANDARD

[Global flags]
     intx CICompilerCount                          = 12                                        {product} {ergonomic}
     uint ConcGCThreads                            = 3                                         {product} {ergonomic}
     uint G1ConcRefinementThreads                  = 13                                        {product} {ergonomic}
   size_t G1HeapRegionSize                         = 2097152                                   {product} {ergonomic}
    uintx GCDrainStackTargetSize                   = 64                                        {product} {ergonomic}
   size_t InitialHeapSize                          = 264241152                                 {product} {ergonomic}
     bool ManagementServer                         = true                                      {product} {command line}
   size_t MarkStackSize                            = 4194304                                   {product} {ergonomic}
   size_t MaxHeapSize                              = 4219469824                                {product} {ergonomic}
   size_t MinHeapDeltaBytes                        = 2097152                                   {product} {ergonomic}
   size_t MinHeapSize                              = 8388608                                   {product} {ergonomic}
    uintx NonProfiledCodeHeapSize                  = 0                                      {pd product} {ergonomic}
     bool ProfileInterpreter                       = false                                  {pd product} {command line}
    uintx ProfiledCodeHeapSize                     = 0                                      {pd product} {ergonomic}
   size_t SoftMaxHeapSize                          = 4219469824                             {manageable} {ergonomic}
     intx TieredStopAtLevel                        = 1                                         {product} {command line}
     bool UseCompressedClassPointers               = true                           {product lp64_product} {ergonomic}
     bool UseCompressedOops                        = true                           {product lp64_product} {ergonomic}
     bool UseG1GC                                  = true                                      {product} {ergonomic}
     bool UseLargePagesIndividualAllocation        = false                                  {pd product} {ergonomic}

Logging:
Log output configuration:
 #0: stdout all=warning uptime,level,tags
 #1: stderr all=off uptime,level,tags

Environment Variables:
JAVA_HOME=C:\Program Files\Java\jdk-17
PATH=F:\VM\bin\;C:\Program Files\BellSoft\LibericaJDK-11\bin\;C:\Program Files (x86)\Common Files\Oracle\Java\javapath;C:\ProgramData\Oracle\Java\javapath;C:\Windows\system32;C:\Windows;C:\Windows\System32\Wbem;C:\Windows\System32\WindowsPowerShell\v1.0\;C:\Windows\System32\OpenSSH\;C:\Program Files (x86)\NVIDIA Corporation\PhysX\Common;C:\Program Files\NVIDIA Corporation\NVIDIA NvDLISR;D:\1\Git\cmd;C:\Program Files\Microsoft SQL Server\120\Tools\Binn\;C:\WINDOWS\system32;C:\WINDOWS;C:\WINDOWS\System32\Wbem;C:\WINDOWS\System32\WindowsPowerShell\v1.0\;C:\WINDOWS\System32\OpenSSH\;C:\Program Files (x86)\EasyShare\x86\;C:\Program Files (x86)\EasyShare\x64\;C:\Program Files\Common Files\Autodesk Shared\;C:\Program Files (x86)\Windows Kits\10\Windows Performance Toolkit\;C:\Program Files\dotnet\;D:\Idea\gradle-8.10.1\bin;C:\Program Files\Java\jdk-17\bin;D:\Cmake\bin;C:\Program Files\Git\cmd;D:\VCC\vcpkg;F:\Nodejs\;F:\Go\bin;D:\AndroidEnvirement\platform-tools;C:\Program Files\Docker\Docker\resources\bin;D:\MySql\bin;C:\Users\86180\AppData\Local\Microsoft\WindowsApps;C:\Users\86180\AppData\Local\Programs\Microsoft VS Code\bin;F:\Nodejs\node_global;C:\Users\86180\go\bin;F:\A\mingw64\bin;
USERNAME=86180
OS=Windows_NT
PROCESSOR_IDENTIFIER=Intel64 Family 6 Model 154 Stepping 3, GenuineIntel



---------------  S Y S T E M  ---------------

OS:
 Windows 11 , 64 bit Build 22621 (10.0.22621.4391)
OS uptime: 0 days 10:09 hours
Hyper-V role detected

CPU: total 16 (initial active 16) (8 cores per cpu, 2 threads per core) family 6 model 154 stepping 3 microcode 0x423, cx8, cmov, fxsr, ht, mmx, 3dnowpref, sse, sse2, sse3, ssse3, sse4.1, sse4.2, popcnt, lzcnt, tsc, tscinvbit, avx, avx2, aes, erms, clmul, bmi1, bmi2, adx, sha, fma, vzeroupper, clflush, clflushopt, clwb, hv

Memory: 4k page, system-wide physical 16088M (363M free)
TotalPageFile size 34848M (AvailPageFile size 251M)
current process WorkingSet (physical memory assigned to process): 13M, peak: 13M
current process commit charge ("private bytes"): 66M, peak: 318M

vm_info: Java HotSpot(TM) 64-Bit Server VM (17.0.12+8-LTS-286) for windows-amd64 JRE (17.0.12+8-LTS-286), built on Jun  5 2024 06:46:59 by "mach5one" with MS VC++ 17.6 (VS2022)

END.
